<?xml version="1.0" encoding="UTF-8"?>
<!-- Generated by org.testng.reporters.JUnitReportReporter -->
<testsuite skipped="0" hostname="DESKTOP-N727QKO" name="Telliant_timesheet.app.LoginTest" tests="3" failures="0" timestamp="04 Dec 2020 10:16:16 GMT" time="36.178" errors="0">
  <testcase name="login" time="12.331" classname="Telliant_timesheet.app.LoginTest"/>
  <testcase name="viewtimesheet" time="11.969" classname="Telliant_timesheet.app.LoginTest"/>
  <testcase name="clearExistingAction" time="11.878" classname="Telliant_timesheet.app.LoginTest"/>
</testsuite> <!-- Telliant_timesheet.app.LoginTest -->
